# JRE version: OpenJDK Runtime Environment (8.0_202-b03) (build 1.8.0_202-release-1483-b03)
# Java VM: OpenJDK 64-Bit Server VM (25.202-b03 mixed mode windows-amd64 compressed oops)
Heap:
 PSYoungGen      total 181760K, used 10035K [0x00000000eab00000, 0x00000000f6f80000, 0x0000000100000000)
  eden space 163840K, 0% used [0x00000000eab00000,0x00000000eab00000,0x00000000f4b00000)
  from space 17920K, 55% used [0x00000000f4b00000,0x00000000f54ccc28,0x00000000f5c80000)
  to   space 15872K, 0% used [0x00000000f5c80000,0x00000000f5c80000,0x00000000f6c00000)
 ParOldGen       total 57856K, used 27841K [0x00000000c0000000, 0x00000000c3880000, 0x00000000eab00000)
  object space 57856K, 48% used [0x00000000c0000000,0x00000000c1b30740,0x00000000c3880000)
 Metaspace       used 57337K, capacity 58870K, committed 58968K, reserved 1099776K
  class space    used 7850K, capacity 8248K, committed 8320K, reserved 1048576K
GC Heap History (10 events):
Event: 15.688 GC heap after
Heap after GC invocations=11 (full 1):
 PSYoungGen      total 140800K, used 9756K [0x00000000eab00000, 0x00000000f6600000, 0x0000000100000000)
  eden space 128512K, 0% used [0x00000000eab00000,0x00000000eab00000,0x00000000f2880000)
  from space 12288K, 79% used [0x00000000f3500000,0x00000000f3e87318,0x00000000f4100000)
  to   space 12800K, 0% used [0x00000000f2880000,0x00000000f2880000,0x00000000f3500000)
 ParOldGen       total 38912K, used 11661K [0x00000000c0000000, 0x00000000c2600000, 0x00000000eab00000)
  object space 38912K, 29% used [0x00000000c0000000,0x00000000c0b63538,0x00000000c2600000)
 Metaspace       used 34614K, capacity 35330K, committed 35416K, reserved 1079296K
  class space    used 4752K, capacity 4976K, committed 4992K, reserved 1048576K
}
Event: 15.688 GC heap before
{Heap before GC invocations=12 (full 2):
 PSYoungGen      total 140800K, used 9756K [0x00000000eab00000, 0x00000000f6600000, 0x0000000100000000)
  eden space 128512K, 0% used [0x00000000eab00000,0x00000000eab00000,0x00000000f2880000)
  from space 12288K, 79% used [0x00000000f3500000,0x00000000f3e87318,0x00000000f4100000)
  to   space 12800K, 0% used [0x00000000f2880000,0x00000000f2880000,0x00000000f3500000)
 ParOldGen       total 38912K, used 11661K [0x00000000c0000000, 0x00000000c2600000, 0x00000000eab00000)
  object space 38912K, 29% used [0x00000000c0000000,0x00000000c0b63538,0x00000000c2600000)
 Metaspace       used 34614K, capacity 35330K, committed 35416K, reserved 1079296K
  class space    used 4752K, capacity 4976K, committed 4992K, reserved 1048576K
Event: 15.766 GC heap after
Heap after GC invocations=12 (full 2):
 PSYoungGen      total 140800K, used 0K [0x00000000eab00000, 0x00000000f6600000, 0x0000000100000000)
  eden space 128512K, 0% used [0x00000000eab00000,0x00000000eab00000,0x00000000f2880000)
  from space 12288K, 0% used [0x00000000f3500000,0x00000000f3500000,0x00000000f4100000)
  to   space 12800K, 0% used [0x00000000f2880000,0x00000000f2880000,0x00000000f3500000)
 ParOldGen       total 57856K, used 16388K [0x00000000c0000000, 0x00000000c3880000, 0x00000000eab00000)
  object space 57856K, 28% used [0x00000000c0000000,0x00000000c10010b0,0x00000000c3880000)
 Metaspace       used 34595K, capacity 35264K, committed 35416K, reserved 1079296K
  class space    used 4746K, capacity 4965K, committed 4992K, reserved 1048576K
}
Event: 17.655 GC heap before
{Heap before GC invocations=13 (full 2):
 PSYoungGen      total 140800K, used 128512K [0x00000000eab00000, 0x00000000f6600000, 0x0000000100000000)
  eden space 128512K, 100% used [0x00000000eab00000,0x00000000f2880000,0x00000000f2880000)
  from space 12288K, 0% used [0x00000000f3500000,0x00000000f3500000,0x00000000f4100000)
  to   space 12800K, 0% used [0x00000000f2880000,0x00000000f2880000,0x00000000f3500000)
 ParOldGen       total 57856K, used 16388K [0x00000000c0000000, 0x00000000c3880000, 0x00000000eab00000)
  object space 57856K, 28% used [0x00000000c0000000,0x00000000c10010b0,0x00000000c3880000)
 Metaspace       used 45306K, capacity 46216K, committed 46552K, reserved 1089536K
  class space    used 6094K, capacity 6391K, committed 6400K, reserved 1048576K
Event: 17.686 GC heap after
Heap after GC invocations=13 (full 2):
 PSYoungGen      total 141312K, used 12798K [0x00000000eab00000, 0x00000000f6c00000, 0x0000000100000000)
  eden space 128512K, 0% used [0x00000000eab00000,0x00000000eab00000,0x00000000f2880000)
  from space 12800K, 99% used [0x00000000f2880000,0x00000000f34ffad0,0x00000000f3500000)
  to   space 15872K, 0% used [0x00000000f5c80000,0x00000000f5c80000,0x00000000f6c00000)
 ParOldGen       total 57856K, used 19497K [0x00000000c0000000, 0x00000000c3880000, 0x00000000eab00000)
  object space 57856K, 33% used [0x00000000c0000000,0x00000000c130a6b8,0x00000000c3880000)
 Metaspace       used 45306K, capacity 46216K, committed 46552K, reserved 1089536K
  class space    used 6094K, capacity 6391K, committed 6400K, reserved 1048576K
}
Event: 20.570 GC heap before
{Heap before GC invocations=14 (full 2):
 PSYoungGen      total 141312K, used 141310K [0x00000000eab00000, 0x00000000f6c00000, 0x0000000100000000)
  eden space 128512K, 100% used [0x00000000eab00000,0x00000000f2880000,0x00000000f2880000)
  from space 12800K, 99% used [0x00000000f2880000,0x00000000f34ffad0,0x00000000f3500000)
  to   space 15872K, 0% used [0x00000000f5c80000,0x00000000f5c80000,0x00000000f6c00000)
 ParOldGen       total 57856K, used 19497K [0x00000000c0000000, 0x00000000c3880000, 0x00000000eab00000)
  object space 57856K, 33% used [0x00000000c0000000,0x00000000c130a6b8,0x00000000c3880000)
 Metaspace       used 55252K, capacity 56756K, committed 57048K, reserved 1097728K
  class space    used 7508K, capacity 7893K, committed 7936K, reserved 1048576K
Event: 20.603 GC heap after
Heap after GC invocations=14 (full 2):
 PSYoungGen      total 179712K, used 14883K [0x00000000eab00000, 0x00000000f6f80000, 0x0000000100000000)
  eden space 163840K, 0% used [0x00000000eab00000,0x00000000eab00000,0x00000000f4b00000)
  from space 15872K, 93% used [0x00000000f5c80000,0x00000000f6b08cf0,0x00000000f6c00000)
  to   space 17920K, 0% used [0x00000000f4b00000,0x00000000f4b00000,0x00000000f5c80000)
 ParOldGen       total 57856K, used 27833K [0x00000000c0000000, 0x00000000c3880000, 0x00000000eab00000)
  object space 57856K, 48% used [0x00000000c0000000,0x00000000c1b2e740,0x00000000c3880000)
 Metaspace       used 55252K, capacity 56756K, committed 57048K, reserved 1097728K
  class space    used 7508K, capacity 7893K, committed 7936K, reserved 1048576K
}
Event: 21.330 GC heap before
{Heap before GC invocations=15 (full 2):
 PSYoungGen      total 179712K, used 47152K [0x00000000eab00000, 0x00000000f6f80000, 0x0000000100000000)
  eden space 163840K, 19% used [0x00000000eab00000,0x00000000eca833a8,0x00000000f4b00000)
  from space 15872K, 93% used [0x00000000f5c80000,0x00000000f6b08cf0,0x00000000f6c00000)
  to   space 17920K, 0% used [0x00000000f4b00000,0x00000000f4b00000,0x00000000f5c80000)
 ParOldGen       total 57856K, used 27833K [0x00000000c0000000, 0x00000000c3880000, 0x00000000eab00000)
  object space 57856K, 48% used [0x00000000c0000000,0x00000000c1b2e740,0x00000000c3880000)
 Metaspace       used 57337K, capacity 58870K, committed 58968K, reserved 1099776K
  class space    used 7850K, capacity 8248K, committed 8320K, reserved 1048576K
Event: 21.351 GC heap after
Heap after GC invocations=15 (full 2):
 PSYoungGen      total 181760K, used 10035K [0x00000000eab00000, 0x00000000f6f80000, 0x0000000100000000)
  eden space 163840K, 0% used [0x00000000eab00000,0x00000000eab00000,0x00000000f4b00000)
  from space 17920K, 55% used [0x00000000f4b00000,0x00000000f54ccc28,0x00000000f5c80000)
  to   space 15872K, 0% used [0x00000000f5c80000,0x00000000f5c80000,0x00000000f6c00000)
 ParOldGen       total 57856K, used 27841K [0x00000000c0000000, 0x00000000c3880000, 0x00000000eab00000)
  object space 57856K, 48% used [0x00000000c0000000,0x00000000c1b30740,0x00000000c3880000)
 Metaspace       used 57337K, capacity 58870K, committed 58968K, reserved 1099776K
  class space    used 7850K, capacity 8248K, committed 8320K, reserved 1048576K
}
Event: 21.351 GC heap before
{Heap before GC invocations=16 (full 3):
 PSYoungGen      total 181760K, used 10035K [0x00000000eab00000, 0x00000000f6f80000, 0x0000000100000000)
  eden space 163840K, 0% used [0x00000000eab00000,0x00000000eab00000,0x00000000f4b00000)
  from space 17920K, 55% used [0x00000000f4b00000,0x00000000f54ccc28,0x00000000f5c80000)
  to   space 15872K, 0% used [0x00000000f5c80000,0x00000000f5c80000,0x00000000f6c00000)
 ParOldGen       total 57856K, used 27841K [0x00000000c0000000, 0x00000000c3880000, 0x00000000eab00000)
  object space 57856K, 48% used [0x00000000c0000000,0x00000000c1b30740,0x00000000c3880000)
 Metaspace       used 57337K, capacity 58870K, committed 58968K, reserved 1099776K
  class space    used 7850K, capacity 8248K, committed 8320K, reserved 1048576K

